[     380ms] [ERROR] Failed to load resource: the server responded with a status of 403 () @ https://pms-nine-gold.vercel.app/projects/f6ed666a-d45f-4a0c-8e2e-1f925c9c9891:0
[     630ms] [ERROR] Failed to load resource: the server responded with a status of 403 () @ https://pms-nine-gold.vercel.app/favicon.ico:0
[   13709ms] Error: Minified React error #310; visit https://react.dev/errors/310 for the full message or use the non-minified dev environment for full errors and additional helpful warnings.
    at a_ (https://pms-nine-gold.vercel.app/_next/static/chunks/a6393e6a3ace8242.js:1:64517)
    at Object.or [as useMemo] (https://pms-nine-gold.vercel.app/_next/static/chunks/a6393e6a3ace8242.js:1:71984)
    at https://pms-nine-gold.vercel.app/_next/static/chunks/a6c7a56901016a3b.js:1:9573
    at L (https://pms-nine-gold.vercel.app/_next/static/chunks/a6393e6a3ace8242.js:1:215362)
    at av (https://pms-nine-gold.vercel.app/_next/static/chunks/a6393e6a3ace8242.js:1:63232)
    at oY (https://pms-nine-gold.vercel.app/_next/static/chunks/a6393e6a3ace8242.js:1:83505)
    at io (https://pms-nine-gold.vercel.app/_next/static/chunks/a6393e6a3ace8242.js:1:94937)
    at sc (https://pms-nine-gold.vercel.app/_next/static/chunks/a6393e6a3ace8242.js:1:137958)
    at https://pms-nine-gold.vercel.app/_next/static/chunks/a6393e6a3ace8242.js:1:137803
    at ss (https://pms-nine-gold.vercel.app/_next/static/chunks/a6393e6a3ace8242.js:1:137811)
[  489525ms] Error: Minified React error #310; visit https://react.dev/errors/310 for the full message or use the non-minified dev environment for full errors and additional helpful warnings.
    at a_ (https://pms-nine-gold.vercel.app/_next/static/chunks/a6393e6a3ace8242.js:1:64517)
    at Object.or [as useMemo] (https://pms-nine-gold.vercel.app/_next/static/chunks/a6393e6a3ace8242.js:1:71984)
    at https://pms-nine-gold.vercel.app/_next/static/chunks/a6c7a56901016a3b.js:1:9573
    at L (https://pms-nine-gold.vercel.app/_next/static/chunks/a6393e6a3ace8242.js:1:215362)
    at av (https://pms-nine-gold.vercel.app/_next/static/chunks/a6393e6a3ace8242.js:1:63232)
    at oY (https://pms-nine-gold.vercel.app/_next/static/chunks/a6393e6a3ace8242.js:1:83505)
    at io (https://pms-nine-gold.vercel.app/_next/static/chunks/a6393e6a3ace8242.js:1:94937)
    at sc (https://pms-nine-gold.vercel.app/_next/static/chunks/a6393e6a3ace8242.js:1:137958)
    at https://pms-nine-gold.vercel.app/_next/static/chunks/a6393e6a3ace8242.js:1:137803
    at ss (https://pms-nine-gold.vercel.app/_next/static/chunks/a6393e6a3ace8242.js:1:137811)
