[     767ms] [ERROR] Error retrieving a token. @ https://vercel.com/login?next=%2Ffares4389-8441%2Fpms-nine-gold%2Fspeed-insights:0
[    1611ms] Error: Minified React error #418; visit https://react.dev/errors/418?args[]=HTML&args[]= for the full message or use the non-minified dev environment for full errors and additional helpful warnings.
    at r0 (https://vercel.com/_next/static/chunks/3511a2c92eedb691.js?dpl=dpl_52W4v6Ykyv9SPTCdT8bJC3KMr49V:73:47516)
    at iS (https://vercel.com/_next/static/chunks/3511a2c92eedb691.js?dpl=dpl_52W4v6Ykyv9SPTCdT8bJC3KMr49V:73:101175)
    at sB (https://vercel.com/_next/static/chunks/3511a2c92eedb691.js?dpl=dpl_52W4v6Ykyv9SPTCdT8bJC3KMr49V:73:141990)
    at https://vercel.com/_next/static/chunks/3511a2c92eedb691.js?dpl=dpl_52W4v6Ykyv9SPTCdT8bJC3KMr49V:73:141835
    at sU (https://vercel.com/_next/static/chunks/3511a2c92eedb691.js?dpl=dpl_52W4v6Ykyv9SPTCdT8bJC3KMr49V:73:141843)
    at sT (https://vercel.com/_next/static/chunks/3511a2c92eedb691.js?dpl=dpl_52W4v6Ykyv9SPTCdT8bJC3KMr49V:73:136900)
    at cd (https://vercel.com/_next/static/chunks/3511a2c92eedb691.js?dpl=dpl_52W4v6Ykyv9SPTCdT8bJC3KMr49V:73:171635)
    at ci (https://vercel.com/_next/static/chunks/3511a2c92eedb691.js?dpl=dpl_52W4v6Ykyv9SPTCdT8bJC3KMr49V:73:169538)
    at s2 (https://vercel.com/_next/static/chunks/3511a2c92eedb691.js?dpl=dpl_52W4v6Ykyv9SPTCdT8bJC3KMr49V:73:167685)
    at https://vercel.com/_next/static/chunks/3511a2c92eedb691.js?dpl=dpl_52W4v6Ykyv9SPTCdT8bJC3KMr49V:73:158882
[    1831ms] [WARNING] [GSI_LOGGER]: Your client application uses one of the Google One Tap prompt UI status methods that may stop functioning when FedCM becomes mandatory. Refer to the migration guide to update your code accordingly and opt-in to FedCM to test your changes. Learn more: https://developers.google.com/identity/gsi/web/guides/fedcm-migration?s=dc#display_moment and https://developers.google.com/identity/gsi/web/guides/fedcm-migration?s=dc#skipped_moment @ https://accounts.google.com/gsi/client:77
[    2472ms] [WARNING] Deprecated API for given entry type. @ https://vercel.com/_next/static/chunks/ae7f6aa4fbda9fec.js?dpl=dpl_52W4v6Ykyv9SPTCdT8bJC3KMr49V:18
[    2713ms] [ERROR] Failed to load resource: the server responded with a status of 403 () @ https://vercel.com/api/jwt:0
[    6144ms] [WARNING] The resource https://vercel.com/_next/static/media/ebay-dark.c7572b4c.svg?dpl=dpl_52W4v6Ykyv9SPTCdT8bJC3KMr49V&dpl=dpl_52W4v6Ykyv9SPTCdT8bJC3KMr49V was preloaded using link preload but not used within a few seconds from the window's load event. Please make sure it has an appropriate `as` value and it is preloaded intentionally. @ https://vercel.com/login?next=%2Ffares4389-8441%2Fpms-nine-gold%2Fspeed-insights:0
[    6144ms] [WARNING] The resource https://vercel.com/_next/static/media/ebay-light.a2d1b485.svg?dpl=dpl_52W4v6Ykyv9SPTCdT8bJC3KMr49V&dpl=dpl_52W4v6Ykyv9SPTCdT8bJC3KMr49V was preloaded using link preload but not used within a few seconds from the window's load event. Please make sure it has an appropriate `as` value and it is preloaded intentionally. @ https://vercel.com/login?next=%2Ffares4389-8441%2Fpms-nine-gold%2Fspeed-insights:0
[    6145ms] [WARNING] The resource https://vercel.com/_next/static/media/stripe-light.4919d80b.svg?dpl=dpl_52W4v6Ykyv9SPTCdT8bJC3KMr49V&dpl=dpl_52W4v6Ykyv9SPTCdT8bJC3KMr49V was preloaded using link preload but not used within a few seconds from the window's load event. Please make sure it has an appropriate `as` value and it is preloaded intentionally. @ https://vercel.com/login?next=%2Ffares4389-8441%2Fpms-nine-gold%2Fspeed-insights:0
[    6145ms] [WARNING] The resource https://vercel.com/_next/static/media/stripe-dark.aebeabe0.svg?dpl=dpl_52W4v6Ykyv9SPTCdT8bJC3KMr49V&dpl=dpl_52W4v6Ykyv9SPTCdT8bJC3KMr49V was preloaded using link preload but not used within a few seconds from the window's load event. Please make sure it has an appropriate `as` value and it is preloaded intentionally. @ https://vercel.com/login?next=%2Ffares4389-8441%2Fpms-nine-gold%2Fspeed-insights:0
[    6995ms] [ERROR] Failed to load resource: the server responded with a status of 429 () @ https://o205439.ingest.sentry.io/api/1323670/envelope/?sentry_key=d00780d432ac4ccf882f60dd02062e14&sentry_version=7&sentry_client=sentry.javascript.browser%2F7.111.0:0
[    8381ms] [WARNING] Deprecated API for given entry type. @ https://vercel.com/_next/static/chunks/3c03dbad86c2a582.js?dpl=dpl_52W4v6Ykyv9SPTCdT8bJC3KMr49V:18
[   14331ms] [ERROR] Failed to load resource: the server responded with a status of 404 () @ https://vercel.com/api/v1/dashboard/projects/pms-nine-gold?teamId=fares4389-8441:0
[   14336ms] [ERROR] Failed to load resource: the server responded with a status of 404 () @ https://vercel.com/api/v2/teams/fares4389-8441:0
[   16583ms] [ERROR] CustomFetchError: Team not found by the given slug/id
    at S (https://vercel.com/_next/static/chunks/d151b268ccdad7e6.js?dpl=dpl_52W4v6Ykyv9SPTCdT8bJC3KMr49V:2:19886) @ https://vercel.com/_next/static/chunks/3511a2c92eedb691.js?dpl=dpl_52W4v6Ykyv9SPTCdT8bJC3KMr49V:108
[   17143ms] [WARNING] Deprecated API for given entry type. @ https://vercel.com/_next/static/chunks/ae7f6aa4fbda9fec.js?dpl=dpl_52W4v6Ykyv9SPTCdT8bJC3KMr49V:18
[   17195ms] [ERROR] Failed to load resource: the server responded with a status of 404 () @ https://vercel.com/api/v2/teams/fares4389-8441?flags=true&permissions=true:0
[   17225ms] [ERROR] Failed to load resource: the server responded with a status of 404 () @ https://vercel.com/api/v1/dashboard/projects/pms-nine-gold?teamId=fares4389-8441:0
[   20352ms] [WARNING] The resource https://vercel.com/_next/static/chunks/6d155db81c9d2268.css?dpl=dpl_52W4v6Ykyv9SPTCdT8bJC3KMr49V was preloaded using link preload but not used within a few seconds from the window's load event. Please make sure it has an appropriate `as` value and it is preloaded intentionally. @ https://vercel.com/fares4389-8441/pms-nine-gold/speed-insights:0
[   22623ms] [ERROR] Failed to load resource: the server responded with a status of 404 () @ https://vercel.com/api/v1/dashboard/projects/pms-nine-gold?teamId=fares4389-8441:0
[   31118ms] [ERROR] Failed to load resource: the server responded with a status of 404 () @ https://vercel.com/_next/image?url=https%3A%2F%2Ft3.gstatic.com%2FfaviconV2%3Fclient%3DSOCIAL%26type%3DFAVICON%26fallback_opts%3DTYPE%2CSIZE%2CURL%26url%3Dhttps%3A%2F%2Fpms-nine-gold.vercel.app%26size%3D32&w=32&q=75:0
[   38854ms] [WARNING] The resource https://vercel.com/_next/static/chunks/9cd2b0ac243a3460.css?dpl=dpl_52W4v6Ykyv9SPTCdT8bJC3KMr49V was preloaded using link preload but not used within a few seconds from the window's load event. Please make sure it has an appropriate `as` value and it is preloaded intentionally. @ https://vercel.com/fares-projects-38402db2/project-dashboard-main/speed-insights:0
[   38855ms] [WARNING] The resource https://vercel.com/_next/static/chunks/606b5cae1fe84ab4.css?dpl=dpl_52W4v6Ykyv9SPTCdT8bJC3KMr49V was preloaded using link preload but not used within a few seconds from the window's load event. Please make sure it has an appropriate `as` value and it is preloaded intentionally. @ https://vercel.com/fares-projects-38402db2/project-dashboard-main/speed-insights:0
[   38855ms] [WARNING] The resource https://vercel.com/_next/static/chunks/e8e37f8ff1fdb82d.css?dpl=dpl_52W4v6Ykyv9SPTCdT8bJC3KMr49V was preloaded using link preload but not used within a few seconds from the window's load event. Please make sure it has an appropriate `as` value and it is preloaded intentionally. @ https://vercel.com/fares-projects-38402db2/project-dashboard-main/speed-insights:0
[   38855ms] [WARNING] The resource https://vercel.com/_next/static/chunks/356b385077a21030.css?dpl=dpl_52W4v6Ykyv9SPTCdT8bJC3KMr49V was preloaded using link preload but not used within a few seconds from the window's load event. Please make sure it has an appropriate `as` value and it is preloaded intentionally. @ https://vercel.com/fares-projects-38402db2/project-dashboard-main/speed-insights:0
[   38855ms] [WARNING] The resource https://vercel.com/_next/static/chunks/6d155db81c9d2268.css?dpl=dpl_52W4v6Ykyv9SPTCdT8bJC3KMr49V was preloaded using link preload but not used within a few seconds from the window's load event. Please make sure it has an appropriate `as` value and it is preloaded intentionally. @ https://vercel.com/fares-projects-38402db2/project-dashboard-main/speed-insights:0
[   45229ms] [WARNING] The resource https://vercel.com/_next/static/chunks/9cd2b0ac243a3460.css?dpl=dpl_52W4v6Ykyv9SPTCdT8bJC3KMr49V was preloaded using link preload but not used within a few seconds from the window's load event. Please make sure it has an appropriate `as` value and it is preloaded intentionally. @ https://vercel.com/fares-projects-38402db2/project-dashboard-main/speed-insights:0
[   45230ms] [WARNING] The resource https://vercel.com/_next/static/chunks/606b5cae1fe84ab4.css?dpl=dpl_52W4v6Ykyv9SPTCdT8bJC3KMr49V was preloaded using link preload but not used within a few seconds from the window's load event. Please make sure it has an appropriate `as` value and it is preloaded intentionally. @ https://vercel.com/fares-projects-38402db2/project-dashboard-main/speed-insights:0
[   45232ms] [WARNING] The resource https://vercel.com/_next/static/chunks/e8e37f8ff1fdb82d.css?dpl=dpl_52W4v6Ykyv9SPTCdT8bJC3KMr49V was preloaded using link preload but not used within a few seconds from the window's load event. Please make sure it has an appropriate `as` value and it is preloaded intentionally. @ https://vercel.com/fares-projects-38402db2/project-dashboard-main/speed-insights:0
[   45234ms] [WARNING] The resource https://vercel.com/_next/static/chunks/356b385077a21030.css?dpl=dpl_52W4v6Ykyv9SPTCdT8bJC3KMr49V was preloaded using link preload but not used within a few seconds from the window's load event. Please make sure it has an appropriate `as` value and it is preloaded intentionally. @ https://vercel.com/fares-projects-38402db2/project-dashboard-main/speed-insights:0
[   45238ms] [WARNING] The resource https://vercel.com/_next/static/chunks/6d155db81c9d2268.css?dpl=dpl_52W4v6Ykyv9SPTCdT8bJC3KMr49V was preloaded using link preload but not used within a few seconds from the window's load event. Please make sure it has an appropriate `as` value and it is preloaded intentionally. @ https://vercel.com/fares-projects-38402db2/project-dashboard-main/speed-insights:0
[   67952ms] [WARNING] The resource https://vercel.com/_next/static/chunks/9cd2b0ac243a3460.css?dpl=dpl_52W4v6Ykyv9SPTCdT8bJC3KMr49V was preloaded using link preload but not used within a few seconds from the window's load event. Please make sure it has an appropriate `as` value and it is preloaded intentionally. @ https://vercel.com/fares-projects-38402db2/project-dashboard-main/speed-insights?metric=INP:0
[   67959ms] [WARNING] The resource https://vercel.com/_next/static/chunks/606b5cae1fe84ab4.css?dpl=dpl_52W4v6Ykyv9SPTCdT8bJC3KMr49V was preloaded using link preload but not used within a few seconds from the window's load event. Please make sure it has an appropriate `as` value and it is preloaded intentionally. @ https://vercel.com/fares-projects-38402db2/project-dashboard-main/speed-insights?metric=INP:0
[   67962ms] [WARNING] The resource https://vercel.com/_next/static/chunks/e8e37f8ff1fdb82d.css?dpl=dpl_52W4v6Ykyv9SPTCdT8bJC3KMr49V was preloaded using link preload but not used within a few seconds from the window's load event. Please make sure it has an appropriate `as` value and it is preloaded intentionally. @ https://vercel.com/fares-projects-38402db2/project-dashboard-main/speed-insights?metric=INP:0
[   67963ms] [WARNING] The resource https://vercel.com/_next/static/chunks/356b385077a21030.css?dpl=dpl_52W4v6Ykyv9SPTCdT8bJC3KMr49V was preloaded using link preload but not used within a few seconds from the window's load event. Please make sure it has an appropriate `as` value and it is preloaded intentionally. @ https://vercel.com/fares-projects-38402db2/project-dashboard-main/speed-insights?metric=INP:0
[   67966ms] [WARNING] The resource https://vercel.com/_next/static/chunks/6d155db81c9d2268.css?dpl=dpl_52W4v6Ykyv9SPTCdT8bJC3KMr49V was preloaded using link preload but not used within a few seconds from the window's load event. Please make sure it has an appropriate `as` value and it is preloaded intentionally. @ https://vercel.com/fares-projects-38402db2/project-dashboard-main/speed-insights?metric=INP:0
